<?xml version="1.0" encoding="UTF-8"?>
<testng-results ignored="0" total="1" passed="1" failed="0" skipped="0">
  <reporter-output>
    <line>
      <![CDATA[Sending Mobile number]]>
    </line>
    <line>
      <![CDATA[Clicking on signin Button]]>
    </line>
    <line>
      <![CDATA[Sending Passcode]]>
    </line>
    <line>
      <![CDATA[clicking on submit]]>
    </line>
    <line>
      <![CDATA[Closing 1st popup]]>
    </line>
    <line>
      <![CDATA[closing 2nd popup]]>
    </line>
    <line>
      <![CDATA[Clicking on account name]]>
    </line>
    <line>
      <![CDATA[Clicking on Logout Button]]>
    </line>
  </reporter-output>
  <suite started-at="2022-11-29T15:37:13 IST" name="Default suite" finished-at="2022-11-29T15:37:31 IST" duration-ms="18015">
    <groups>
    </groups>
    <test started-at="2022-11-29T15:37:13 IST" name="Default test" finished-at="2022-11-29T15:37:31 IST" duration-ms="18015">
      <class name="neoStoxTestClasses.NeoStockTest">
        <test-method is-config="true" signature="launchingBrowser()[pri:0, instance:neoStoxTestClasses.NeoStockTest@31fa1761]" started-at="2022-11-29T15:37:13 IST" name="launchingBrowser" finished-at="2022-11-29T15:37:19 IST" duration-ms="6063" status="PASS">
          <reporter-output>
          </reporter-output>
        </test-method> <!-- launchingBrowser -->
        <test-method is-config="true" signature="sigingin()[pri:0, instance:neoStoxTestClasses.NeoStockTest@31fa1761]" started-at="2022-11-29T15:37:19 IST" name="sigingin" finished-at="2022-11-29T15:37:29 IST" duration-ms="10134" status="PASS">
          <reporter-output>
            <line>
              <![CDATA[Sending Mobile number]]>
            </line>
            <line>
              <![CDATA[Clicking on signin Button]]>
            </line>
            <line>
              <![CDATA[Sending Passcode]]>
            </line>
            <line>
              <![CDATA[clicking on submit]]>
            </line>
            <line>
              <![CDATA[Closing 1st popup]]>
            </line>
            <line>
              <![CDATA[closing 2nd popup]]>
            </line>
          </reporter-output>
        </test-method> <!-- sigingin -->
        <test-method signature="validatingAcName()[pri:0, instance:neoStoxTestClasses.NeoStockTest@31fa1761]" started-at="2022-11-29T15:37:29 IST" name="validatingAcName" finished-at="2022-11-29T15:37:29 IST" duration-ms="37" status="PASS">
          <reporter-output>
          </reporter-output>
        </test-method> <!-- validatingAcName -->
        <test-method is-config="true" signature="logout()[pri:0, instance:neoStoxTestClasses.NeoStockTest@31fa1761]" started-at="2022-11-29T15:37:29 IST" name="logout" finished-at="2022-11-29T15:37:31 IST" duration-ms="1372" status="PASS">
          <reporter-output>
            <line>
              <![CDATA[Clicking on account name]]>
            </line>
            <line>
              <![CDATA[Clicking on Logout Button]]>
            </line>
          </reporter-output>
        </test-method> <!-- logout -->
        <test-method is-config="true" signature="closebrowser()[pri:0, instance:neoStoxTestClasses.NeoStockTest@31fa1761]" started-at="2022-11-29T15:37:31 IST" name="closebrowser" finished-at="2022-11-29T15:37:31 IST" duration-ms="370" status="PASS">
          <reporter-output>
          </reporter-output>
        </test-method> <!-- closebrowser -->
      </class> <!-- neoStoxTestClasses.NeoStockTest -->
    </test> <!-- Default test -->
  </suite> <!-- Default suite -->
</testng-results>
